Using MPI version 4.1, 128 processes
#### a = 2.79, r = 1.5, nmol = 1, nmol_per_dim = 1
-----------
Initializing structure...
Splitting into 128 chunks by voxels
time for choose_chunkdivision = 0.00119162 s
Working in 3D dimensions.
Computational cell is 2.8 x 2.8 x 16.5 with resolution 40
time for set_epsilon = 0.256486 s
time for set_conductivity = 0.0137833 s
time for set_conductivity = 0.0115877 s
time for set_conductivity = 0.0137549 s
time for set_conductivity = 0.0130935 s
time for set_conductivity = 0.0128158 s
time for set_conductivity = 0.0128915 s
-----------
Meep: using complex fields.
Meep progress: 0.0125/300.0 = 0.0% done in 38.9s, 934132.5s to go
on time step 1 (time=0.0125), 38.9246 s/step
Meep progress: 2.475/300.0 = 0.8% done in 42.9s, 5161.1s to go
on time step 198 (time=2.475), 0.0203508 s/step
Meep progress: 4.9375/300.0 = 1.6% done in 46.9s, 2805.2s to go
on time step 395 (time=4.9375), 0.0203418 s/step
Meep progress: 7.4/300.0 = 2.5% done in 51.0s, 2014.7s to go
on time step 592 (time=7.4), 0.0203714 s/step
Meep progress: 9.8125/300.0 = 3.3% done in 55.0s, 1625.4s to go
on time step 785 (time=9.8125), 0.020757 s/step
Meep progress: 12.225000000000001/300.0 = 4.1% done in 59.0s, 1388.3s to go
on time step 978 (time=12.225), 0.0207953 s/step
Meep progress: 14.6875/300.0 = 4.9% done in 63.0s, 1223.5s to go
on time step 1175 (time=14.6875), 0.0203542 s/step
Meep progress: 17.150000000000002/300.0 = 5.7% done in 67.0s, 1104.8s to go
on time step 1372 (time=17.15), 0.0203172 s/step
Meep progress: 19.6125/300.0 = 6.5% done in 71.0s, 1015.0s to go
on time step 1569 (time=19.6125), 0.0203414 s/step
Meep progress: 22.075000000000003/300.0 = 7.4% done in 75.0s, 944.2s to go
on time step 1766 (time=22.075), 0.0203178 s/step
Meep progress: 24.5375/300.0 = 8.2% done in 79.0s, 886.9s to go
on time step 1963 (time=24.5375), 0.0203385 s/step
Meep progress: 26.9875/300.0 = 9.0% done in 83.0s, 839.8s to go
on time step 2159 (time=26.9875), 0.0204692 s/step
Meep progress: 29.450000000000003/300.0 = 9.8% done in 87.0s, 799.5s to go
on time step 2356 (time=29.45), 0.020339 s/step
Meep progress: 31.825000000000003/300.0 = 10.6% done in 91.0s, 767.0s to go
on time step 2546 (time=31.825), 0.0210618 s/step
Meep progress: 33.737500000000004/300.0 = 11.2% done in 95.0s, 750.1s to go
on time step 2699 (time=33.7375), 0.0262311 s/step
Meep progress: 35.1875/300.0 = 11.7% done in 99.0s, 745.4s to go
on time step 2815 (time=35.1875), 0.0345484 s/step
Meep progress: 36.925000000000004/300.0 = 12.3% done in 103.1s, 734.3s to go
on time step 2954 (time=36.925), 0.0288733 s/step
Meep progress: 39.3875/300.0 = 13.1% done in 107.1s, 708.4s to go
on time step 3151 (time=39.3875), 0.0203197 s/step
Meep progress: 41.85/300.0 = 14.0% done in 111.1s, 685.2s to go
on time step 3348 (time=41.85), 0.0203702 s/step
Meep progress: 44.225/300.0 = 14.7% done in 115.1s, 665.6s to go
on time step 3538 (time=44.225), 0.0210795 s/step
Meep progress: 46.675000000000004/300.0 = 15.6% done in 119.1s, 646.3s to go
on time step 3734 (time=46.675), 0.0204184 s/step
Meep progress: 48.9125/300.0 = 16.3% done in 123.1s, 631.9s to go
on time step 3913 (time=48.9125), 0.0224295 s/step
Meep progress: 50.837500000000006/300.0 = 16.9% done in 127.1s, 623.0s to go
on time step 4067 (time=50.8375), 0.0260126 s/step
Meep progress: 53.2875/300.0 = 17.8% done in 131.1s, 607.0s to go
on time step 4263 (time=53.2875), 0.0204429 s/step
Meep progress: 55.75/300.0 = 18.6% done in 135.1s, 592.0s to go
on time step 4460 (time=55.75), 0.020373 s/step
Meep progress: 58.212500000000006/300.0 = 19.4% done in 139.1s, 577.9s to go
on time step 4657 (time=58.2125), 0.0203256 s/step
Meep progress: 60.6625/300.0 = 20.2% done in 143.1s, 564.7s to go
on time step 4853 (time=60.6625), 0.0204394 s/step
Meep progress: 63.125/300.0 = 21.0% done in 147.1s, 552.1s to go
on time step 5050 (time=63.125), 0.0203244 s/step
Meep progress: 65.4625/300.0 = 21.8% done in 151.1s, 541.5s to go
on time step 5237 (time=65.4625), 0.0214192 s/step
Meep progress: 67.9/300.0 = 22.6% done in 155.2s, 530.3s to go
on time step 5432 (time=67.9), 0.0205276 s/step
Meep progress: 70.275/300.0 = 23.4% done in 159.2s, 520.3s to go
on time step 5622 (time=70.275), 0.0210766 s/step
Meep progress: 72.5875/300.0 = 24.2% done in 163.2s, 511.2s to go
on time step 5807 (time=72.5875), 0.0216699 s/step
Meep progress: 74.8875/300.0 = 25.0% done in 167.2s, 502.6s to go
on time step 5991 (time=74.8875), 0.0218483 s/step
Meep progress: 77.025/300.0 = 25.7% done in 171.2s, 495.6s to go
on time step 6162 (time=77.025), 0.0234241 s/step
Meep progress: 78.95/300.0 = 26.3% done in 175.2s, 490.5s to go
on time step 6316 (time=78.95), 0.0260293 s/step
Meep progress: 81.35000000000001/300.0 = 27.1% done in 179.2s, 481.7s to go
on time step 6508 (time=81.35), 0.0208673 s/step
Meep progress: 83.78750000000001/300.0 = 27.9% done in 183.2s, 472.8s to go
on time step 6703 (time=83.7875), 0.0205917 s/step
Meep progress: 86.25/300.0 = 28.8% done in 187.2s, 464.0s to go
on time step 6900 (time=86.25), 0.0203416 s/step
Meep progress: 88.67500000000001/300.0 = 29.6% done in 191.3s, 455.8s to go
on time step 7094 (time=88.675), 0.0207601 s/step
Meep progress: 89.11250000000001/300.0 = 29.7% done in 195.4s, 462.3s to go
on time step 7129 (time=89.1125), 0.117069 s/step
Meep progress: 89.55000000000001/300.0 = 29.9% done in 199.4s, 468.7s to go
on time step 7164 (time=89.55), 0.116691 s/step
Meep progress: 90.75/300.0 = 30.2% done in 203.5s, 469.1s to go
on time step 7260 (time=90.75), 0.0418957 s/step
Meep progress: 93.2125/300.0 = 31.1% done in 207.5s, 460.2s to go
on time step 7457 (time=93.2125), 0.0203079 s/step
Meep progress: 95.625/300.0 = 31.9% done in 211.5s, 452.0s to go
on time step 7650 (time=95.625), 0.0207676 s/step
Meep progress: 98.0875/300.0 = 32.7% done in 215.5s, 443.5s to go
on time step 7847 (time=98.0875), 0.0203056 s/step
Meep progress: 100.45/300.0 = 33.5% done in 219.5s, 436.0s to go
on time step 8036 (time=100.45), 0.021236 s/step
Meep progress: 102.91250000000001/300.0 = 34.3% done in 223.5s, 428.0s to go
on time step 8233 (time=102.913), 0.0203367 s/step
Meep progress: 105.375/300.0 = 35.1% done in 227.5s, 420.2s to go
on time step 8430 (time=105.375), 0.0203067 s/step
Meep progress: 107.78750000000001/300.0 = 35.9% done in 231.5s, 412.8s to go
on time step 8623 (time=107.788), 0.0207952 s/step
Meep progress: 110.2625/300.0 = 36.8% done in 235.5s, 405.3s to go
on time step 8821 (time=110.263), 0.020303 s/step
Meep progress: 112.6375/300.0 = 37.5% done in 239.5s, 398.4s to go
on time step 9011 (time=112.638), 0.0210562 s/step
Meep progress: 115.0625/300.0 = 38.4% done in 243.5s, 391.4s to go
on time step 9205 (time=115.062), 0.0206423 s/step
Meep progress: 117.525/300.0 = 39.2% done in 247.5s, 384.3s to go
on time step 9402 (time=117.525), 0.020318 s/step
Meep progress: 119.97500000000001/300.0 = 40.0% done in 251.6s, 377.5s to go
on time step 9598 (time=119.975), 0.0204934 s/step
Meep progress: 122.45/300.0 = 40.8% done in 255.6s, 370.6s to go
on time step 9796 (time=122.45), 0.0202975 s/step
Meep progress: 124.91250000000001/300.0 = 41.6% done in 259.6s, 363.8s to go
on time step 9993 (time=124.913), 0.0203256 s/step
Meep progress: 127.375/300.0 = 42.5% done in 263.6s, 357.2s to go
on time step 10190 (time=127.375), 0.0203471 s/step
Meep progress: 129.8375/300.0 = 43.3% done in 267.6s, 350.7s to go
on time step 10387 (time=129.838), 0.0203117 s/step
Meep progress: 132.2375/300.0 = 44.1% done in 271.6s, 344.5s to go
on time step 10579 (time=132.238), 0.0208478 s/step
Meep progress: 134.70000000000002/300.0 = 44.9% done in 275.6s, 338.2s to go
on time step 10776 (time=134.7), 0.0203397 s/step
Meep progress: 137.1625/300.0 = 45.7% done in 279.6s, 331.9s to go
on time step 10973 (time=137.162), 0.0203335 s/step
Meep progress: 139.55/300.0 = 46.5% done in 283.6s, 326.1s to go
on time step 11164 (time=139.55), 0.0209906 s/step
Meep progress: 142.01250000000002/300.0 = 47.3% done in 287.6s, 320.0s to go
on time step 11361 (time=142.013), 0.0203152 s/step
Meep progress: 144.45000000000002/300.0 = 48.2% done in 291.6s, 314.1s to go
on time step 11556 (time=144.45), 0.0206864 s/step
Meep progress: 145.7375/300.0 = 48.6% done in 295.7s, 312.9s to go
on time step 11659 (time=145.738), 0.0388944 s/step
Meep progress: 148.15/300.0 = 49.4% done in 299.7s, 307.1s to go
on time step 11852 (time=148.15), 0.0207324 s/step
Meep progress: 150.6/300.0 = 50.2% done in 303.7s, 301.2s to go
on time step 12048 (time=150.6), 0.0204377 s/step
Meep progress: 153.0625/300.0 = 51.0% done in 307.7s, 295.4s to go
on time step 12245 (time=153.062), 0.0203341 s/step
Meep progress: 155.51250000000002/300.0 = 51.8% done in 311.7s, 289.6s to go
on time step 12441 (time=155.513), 0.020416 s/step
Meep progress: 157.97500000000002/300.0 = 52.7% done in 315.7s, 283.8s to go
on time step 12638 (time=157.975), 0.0203203 s/step
Meep progress: 160.4375/300.0 = 53.5% done in 319.7s, 278.1s to go
on time step 12835 (time=160.438), 0.0203333 s/step
Meep progress: 162.8375/300.0 = 54.3% done in 323.7s, 272.7s to go
on time step 13027 (time=162.838), 0.0209195 s/step
Meep progress: 165.20000000000002/300.0 = 55.1% done in 327.7s, 267.4s to go
on time step 13216 (time=165.2), 0.0211917 s/step
Meep progress: 167.60000000000002/300.0 = 55.9% done in 331.7s, 262.0s to go
on time step 13408 (time=167.6), 0.0208414 s/step
Meep progress: 170.0/300.0 = 56.7% done in 335.7s, 256.7s to go
on time step 13600 (time=170), 0.0208719 s/step
Meep progress: 172.4625/300.0 = 57.5% done in 339.7s, 251.2s to go
on time step 13797 (time=172.463), 0.0203499 s/step
Meep progress: 174.53750000000002/300.0 = 58.2% done in 343.7s, 247.1s to go
on time step 13963 (time=174.538), 0.0241067 s/step
Meep progress: 175.6875/300.0 = 58.6% done in 347.7s, 246.0s to go
on time step 14055 (time=175.688), 0.0435635 s/step
Meep progress: 176.85000000000002/300.0 = 59.0% done in 351.8s, 244.9s to go
on time step 14148 (time=176.85), 0.0432304 s/step
Meep progress: 178.28750000000002/300.0 = 59.4% done in 355.8s, 242.9s to go
on time step 14263 (time=178.288), 0.0348598 s/step
Meep progress: 180.75/300.0 = 60.2% done in 359.8s, 237.4s to go
on time step 14460 (time=180.75), 0.0203435 s/step
Meep progress: 183.1875/300.0 = 61.1% done in 363.8s, 232.0s to go
on time step 14655 (time=183.188), 0.0205129 s/step
Meep progress: 185.65/300.0 = 61.9% done in 367.8s, 226.5s to go
on time step 14852 (time=185.65), 0.0203728 s/step
Meep progress: 188.10000000000002/300.0 = 62.7% done in 371.8s, 221.2s to go
on time step 15048 (time=188.1), 0.0204111 s/step
Meep progress: 190.5625/300.0 = 63.5% done in 375.8s, 215.8s to go
on time step 15245 (time=190.562), 0.0203536 s/step
Meep progress: 193.025/300.0 = 64.3% done in 379.8s, 210.5s to go
on time step 15442 (time=193.025), 0.0203319 s/step
Meep progress: 194.925/300.0 = 65.0% done in 383.8s, 206.9s to go
on time step 15594 (time=194.925), 0.0265507 s/step
Meep progress: 197.0875/300.0 = 65.7% done in 387.8s, 202.5s to go
on time step 15767 (time=197.088), 0.0231982 s/step
Meep progress: 199.4625/300.0 = 66.5% done in 391.8s, 197.5s to go
on time step 15957 (time=199.463), 0.0210676 s/step
Meep progress: 201.925/300.0 = 67.3% done in 395.9s, 192.3s to go
on time step 16154 (time=201.925), 0.0203188 s/step
Meep progress: 204.38750000000002/300.0 = 68.1% done in 399.9s, 187.1s to go
on time step 16351 (time=204.388), 0.0203371 s/step
Meep progress: 206.82500000000002/300.0 = 68.9% done in 403.9s, 181.9s to go
on time step 16546 (time=206.825), 0.020614 s/step
Meep progress: 209.16250000000002/300.0 = 69.7% done in 407.9s, 177.2s to go
on time step 16733 (time=209.163), 0.0215371 s/step
Meep progress: 211.4625/300.0 = 70.5% done in 411.9s, 172.5s to go
on time step 16917 (time=211.463), 0.0218569 s/step
Meep progress: 213.66250000000002/300.0 = 71.2% done in 416.0s, 168.1s to go
on time step 17093 (time=213.663), 0.0228506 s/step
Meep progress: 215.875/300.0 = 72.0% done in 420.0s, 163.7s to go
on time step 17270 (time=215.875), 0.0226 s/step
Meep progress: 218.07500000000002/300.0 = 72.7% done in 424.0s, 159.3s to go
on time step 17446 (time=218.075), 0.0228195 s/step
Meep progress: 220.41250000000002/300.0 = 73.5% done in 428.0s, 154.5s to go
on time step 17633 (time=220.413), 0.021445 s/step
Meep progress: 222.85000000000002/300.0 = 74.3% done in 432.0s, 149.5s to go
on time step 17829 (time=222.863), 0.0205102 s/step
Meep progress: 225.175/300.0 = 75.1% done in 436.0s, 144.9s to go
on time step 18015 (time=225.188), 0.0215768 s/step
Meep progress: 227.5/300.0 = 75.8% done in 440.0s, 140.2s to go
on time step 18201 (time=227.513), 0.0215586 s/step
Meep progress: 229.8125/300.0 = 76.6% done in 444.0s, 135.6s to go
on time step 18386 (time=229.825), 0.0217068 s/step
Meep progress: 232.2375/300.0 = 77.4% done in 448.0s, 130.7s to go
on time step 18581 (time=232.263), 0.0206272 s/step
Meep progress: 234.625/300.0 = 78.2% done in 452.0s, 125.9s to go
on time step 18773 (time=234.663), 0.0209266 s/step
Meep progress: 237.0875/300.0 = 79.0% done in 456.0s, 121.0s to go
on time step 18970 (time=237.125), 0.0203275 s/step
Meep progress: 239.55/300.0 = 79.9% done in 460.0s, 116.1s to go
on time step 19167 (time=239.588), 0.0203434 s/step
Meep progress: 241.9875/300.0 = 80.7% done in 464.0s, 111.2s to go
on time step 19362 (time=242.025), 0.0205514 s/step
Meep progress: 244.1875/300.0 = 81.4% done in 468.1s, 107.0s to go
on time step 19538 (time=244.225), 0.0228469 s/step
Meep progress: 246.57500000000002/300.0 = 82.2% done in 472.1s, 102.3s to go
on time step 19729 (time=246.613), 0.0209919 s/step
Meep progress: 248.95000000000002/300.0 = 83.0% done in 476.1s, 97.6s to go
on time step 19919 (time=248.988), 0.0210567 s/step
Meep progress: 251.425/300.0 = 83.8% done in 480.1s, 92.8s to go
on time step 20117 (time=251.463), 0.0202989 s/step
Meep progress: 253.88750000000002/300.0 = 84.6% done in 484.1s, 87.9s to go
on time step 20314 (time=253.925), 0.020323 s/step
Meep progress: 256.3625/300.0 = 85.5% done in 488.1s, 83.1s to go
on time step 20512 (time=256.4), 0.0202721 s/step
Meep progress: 258.8/300.0 = 86.3% done in 492.1s, 78.3s to go
on time step 20708 (time=258.85), 0.0205083 s/step
Meep progress: 261.27500000000003/300.0 = 87.1% done in 496.1s, 73.5s to go
on time step 20906 (time=261.325), 0.0202756 s/step
Meep progress: 263.7375/300.0 = 87.9% done in 500.1s, 68.8s to go
on time step 21103 (time=263.788), 0.0203122 s/step
Meep progress: 266.21250000000003/300.0 = 88.7% done in 504.1s, 64.0s to go
on time step 21301 (time=266.262), 0.0202707 s/step
Meep progress: 268.6375/300.0 = 89.5% done in 508.2s, 59.3s to go
on time step 21495 (time=268.688), 0.0206815 s/step
Meep progress: 270.925/300.0 = 90.3% done in 512.2s, 55.0s to go
on time step 21679 (time=270.988), 0.0218334 s/step
Meep progress: 273.33750000000003/300.0 = 91.1% done in 516.2s, 50.3s to go
on time step 21872 (time=273.4), 0.02075 s/step
Meep progress: 275.8125/300.0 = 91.9% done in 520.2s, 45.6s to go
on time step 22070 (time=275.875), 0.0202721 s/step
Meep progress: 278.27500000000003/300.0 = 92.8% done in 524.2s, 40.9s to go
on time step 22267 (time=278.338), 0.0203191 s/step
Meep progress: 280.6875/300.0 = 93.6% done in 528.2s, 36.3s to go
on time step 22459 (time=280.738), 0.0209664 s/step
Meep progress: 283.08750000000003/300.0 = 94.4% done in 532.2s, 31.8s to go
on time step 22652 (time=283.15), 0.0208222 s/step
Meep progress: 285.55/300.0 = 95.2% done in 536.2s, 27.1s to go
on time step 22850 (time=285.625), 0.0202755 s/step
Meep progress: 288.0125/300.0 = 96.0% done in 540.2s, 22.5s to go
on time step 23047 (time=288.088), 0.0203463 s/step
Meep progress: 290.45/300.0 = 96.8% done in 544.2s, 17.9s to go
on time step 23242 (time=290.525), 0.0205236 s/step
Meep progress: 292.925/300.0 = 97.6% done in 548.3s, 13.2s to go
on time step 23440 (time=293), 0.0202887 s/step
Meep progress: 295.325/300.0 = 98.4% done in 552.3s, 8.7s to go
on time step 23631 (time=295.387), 0.0210182 s/step
Meep progress: 297.25/300.0 = 99.1% done in 556.3s, 5.1s to go
on time step 23785 (time=297.312), 0.0260484 s/step
Meep progress: 299.1875/300.0 = 99.7% done in 560.3s, 1.5s to go
on time step 23941 (time=299.262), 0.0256731 s/step
run 0 finished at t = 300.0 (24000 timesteps)
creating output file "./emitter-refl-flux.h5"...
flux1:, 0.19999999999999998, -3.600791414863699
flux1:, 0.2015075376884422, -4.45363374420945
flux1:, 0.2030150753768844, -5.49508317395292
flux1:, 0.20452261306532662, -6.767557746757047
flux1:, 0.20603015075376882, -8.315768658647492
flux1:, 0.20753768844221104, -10.197387022475567
flux1:, 0.20904522613065324, -12.479248476279716
flux1:, 0.21055276381909546, -15.237638872744629
flux1:, 0.21206030150753769, -18.570021005386828
flux1:, 0.21356783919597988, -22.579945376837433
flux1:, 0.2150753768844221, -27.401756979447676
flux1:, 0.2165829145728643, -33.18145712369896
flux1:, 0.21809045226130652, -40.09624835716001
flux1:, 0.21959798994974872, -48.35372556600113
flux1:, 0.22110552763819094, -58.18491965537808
flux1:, 0.22261306532663316, -69.8764532899378
flux1:, 0.22412060301507536, -83.73537402239168
flux1:, 0.22562814070351758, -100.14029291370149
flux1:, 0.22713567839195978, -119.50811948155464
flux1:, 0.228643216080402, -142.3229759885818
flux1:, 0.2301507537688442, -169.14920682017132
flux1:, 0.23165829145728642, -200.60229341478274
flux1:, 0.23316582914572864, -237.424319130041
flux1:, 0.23467336683417084, -280.4092993212682
flux1:, 0.23618090452261306, -330.49752445309053
flux1:, 0.23768844221105526, -388.72526999756076
flux1:, 0.23919597989949748, -456.254583613449
flux1:, 0.24070351758793967, -534.4246668706152
flux1:, 0.2422110552763819, -624.6672564959738
flux1:, 0.24371859296482412, -728.6626537794066
flux1:, 0.24522613065326632, -848.1940017739644
flux1:, 0.24673366834170854, -985.2999129881302
flux1:, 0.24824120603015074, -1142.2114477856671
flux1:, 0.24974874371859296, -1321.3506468601042
flux1:, 0.25125628140703515, -1525.4673986428588
flux1:, 0.2527638190954774, -1757.4347631049502
flux1:, 0.2542713567839196, -2020.5378964959978
flux1:, 0.2557788944723618, -2318.2132925086535
flux1:, 0.257286432160804, -2654.2591258764014
flux1:, 0.25879396984924624, -3032.7835280097806
flux1:, 0.26030150753768844, -3458.0943736786767
flux1:, 0.26180904522613063, -3935.0030754341597
flux1:, 0.2633165829145728, -4468.392117216776
flux1:, 0.2648241206030151, -5063.699021799068
flux1:, 0.2663316582914573, -5726.493477933821
flux1:, 0.26783919597989947, -6462.704872427923
flux1:, 0.2693467336683417, -7278.649247774685
flux1:, 0.2708542713567839, -8180.662511872333
flux1:, 0.2723618090452261, -9175.702083397584
flux1:, 0.27386934673366836, -10270.535013268214
flux1:, 0.27537688442211056, -11472.477957822979
flux1:, 0.27688442211055275, -12788.793487994408
flux1:, 0.27839195979899495, -14226.824910059633
flux1:, 0.27989949748743714, -15794.255042230128
flux1:, 0.2814070351758794, -17498.248342634208
flux1:, 0.2829145728643216, -19346.55032441277
flux1:, 0.2844221105527638, -21346.12525317401
flux1:, 0.28592964824120604, -23504.193924354233
flux1:, 0.28743718592964823, -25827.5197974773
flux1:, 0.2889447236180904, -28322.239371918084
flux1:, 0.2904522613065327, -30994.650527096448
flux1:, 0.2919597989949749, -33849.5399293507
flux1:, 0.29346733668341707, -36892.064040564466
flux1:, 0.2949748743718593, -40125.69967828448
flux1:, 0.2964824120603015, -43553.56826583392
flux1:, 0.2979899497487437, -47177.859085929325
flux1:, 0.2994974874371859, -50999.000145694365
flux1:, 0.3010050251256281, -55017.48197097308
flux1:, 0.30251256281407035, -59230.96315604061
flux1:, 0.30402010050251255, -63637.29371895397
flux1:, 0.30552763819095474, -68231.74723067961
flux1:, 0.307035175879397, -73008.49554965433
flux1:, 0.3085427135678392, -77960.6895353466
flux1:, 0.3100502512562814, -83078.3937146232
flux1:, 0.31155778894472363, -88352.20801056057
flux1:, 0.31306532663316583, -93768.64042605745
flux1:, 0.314572864321608, -99314.6604955449
flux1:, 0.3160804020100503, -104974.34650097453
flux1:, 0.31758793969849247, -110730.10730418535
flux1:, 0.31909547738693467, -116564.31802150441
flux1:, 0.32060301507537686, -122455.046805832
flux1:, 0.32211055276381906, -128382.5612264919
flux1:, 0.3236180904522613, -134322.24617635636
flux1:, 0.3251256281407035, -140251.03559463838
flux1:, 0.3266331658291457, -146143.82681421746
flux1:, 0.32814070351758795, -151973.5139118288
flux1:, 0.32964824120603015, -157715.69452633685
flux1:, 0.33115577889447234, -163340.40084189485
flux1:, 0.3326633165829146, -168823.21303878172
flux1:, 0.3341708542713568, -174134.4390782715
flux1:, 0.335678391959799, -179247.7917643342
flux1:, 0.33718592964824123, -184137.27683865067
flux1:, 0.3386934673366834, -188773.9394549658
flux1:, 0.3402010050251256, -193136.7773273699
flux1:, 0.3417085427135679, -197196.39082872268
flux1:, 0.34321608040201, -200934.719945034
flux1:, 0.34472361809045227, -204327.07991346653
flux1:, 0.34623115577889446, -207354.31309223335
flux1:, 0.34773869346733666, -210001.84066994212
flux1:, 0.3492462311557789, -212246.86833125958
flux1:, 0.3507537688442211, -214086.61508549476
flux1:, 0.3522613065326633, -215497.11941237646
flux1:, 0.35376884422110555, -216482.66197934723
flux1:, 0.35527638190954774, -217027.67760848644
flux1:, 0.35678391959798994, -217138.97230572012
flux1:, 0.3582914572864322, -216888.17080994308
flux1:, 0.35979899497487433, -216161.4803564411
flux1:, 0.3613065326633166, -214916.5945865104
flux1:, 0.36281407035175883, -213273.9765372182
flux1:, 0.364321608040201, -211213.2131167417
flux1:, 0.3658291457286432, -208745.43468479713
flux1:, 0.3673366834170854, -205901.39448405168
flux1:, 0.3688442211055276, -202676.0397539137
flux1:, 0.37035175879396987, -199108.48391603376
flux1:, 0.37185929648241206, -195204.11998166866
flux1:, 0.37336683417085426, -190989.87330556576
flux1:, 0.3748743718592965, -186492.25801873673
flux1:, 0.3763819095477387, -181727.18651558761
flux1:, 0.3778894472361809, -176730.41612874274
flux1:, 0.37939698492462315, -171519.8921713326
flux1:, 0.3809045226130653, -166127.44165214524
flux1:, 0.38241206030150754, -160579.30084260314
flux1:, 0.3839195979899498, -154900.71385685774
flux1:, 0.38542713567839193, -149122.67474830343
flux1:, 0.3869346733668342, -143267.7566502373
flux1:, 0.3884422110552764, -137365.74642413636
flux1:, 0.38994974874371857, -131439.7665159823
flux1:, 0.3914572864321608, -125515.2186163363
flux1:, 0.392964824120603, -119615.90348877496
flux1:, 0.3944723618090452, -113762.64276073207
flux1:, 0.39597989949748746, -107978.13924769743
flux1:, 0.39748743718592966, -102279.80901623177
flux1:, 0.39899497487437185, -96687.1394484019
flux1:, 0.4005025125628141, -91215.37247730962
flux1:, 0.40201005025125625, -85879.41000728504
flux1:, 0.4035175879396985, -80692.71226757545
flux1:, 0.40502512562814075, -75665.60768344143
flux1:, 0.4065326633165829, -70809.05715207395
flux1:, 0.40804020100502514, -66129.96385763641
flux1:, 0.40954773869346733, -61635.67730729229
flux1:, 0.41105527638190953, -57330.8664482019
flux1:, 0.4125628140703518, -53218.88346221799
flux1:, 0.414070351758794, -49302.48102041974
flux1:, 0.41557788944723617, -45581.741466141
flux1:, 0.4170854271356784, -42057.07730675494
flux1:, 0.4185929648241206, -38726.4888874788
flux1:, 0.4201005025125628, -35587.73685508961
flux1:, 0.42160804020100506, -32637.51154164378
flux1:, 0.4231155778894472, -29871.290130337315
flux1:, 0.42462311557788945, -27284.582900642585
flux1:, 0.4261306532663317, -24871.431679918744
flux1:, 0.42763819095477384, -22626.084275815163
flux1:, 0.4291457286432161, -20541.90854019096
flux1:, 0.4306532663316583, -18612.058475109923
flux1:, 0.4321608040201005, -16829.59399801791
flux1:, 0.43366834170854274, -15187.050165630295
flux1:, 0.43517587939698493, -13677.268902126742
flux1:, 0.43668341708542713, -12292.689826995993
flux1:, 0.4381909547738694, -11026.020437530162
flux1:, 0.4396984924623116, -9869.947461580574
flux1:, 0.44120603015075377, -8817.246310925262
flux1:, 0.442713567839196, -7860.988733797076
flux1:, 0.44422110552763816, -6994.27724912417
flux1:, 0.4457286432160804, -6210.612464691605
flux1:, 0.44723618090452266, -5503.626059816713
flux1:, 0.4487437185929648, -4867.294808221102
flux1:, 0.45025125628140705, -4295.8738848165995
flux1:, 0.4517587939698493, -3783.886403661182
flux1:, 0.45326633165829144, -3326.2215446372043
flux1:, 0.4547738693467337, -2918.0106005496336
flux1:, 0.45628140703517583, -2554.7523004874665
flux1:, 0.4577889447236181, -2232.2088566223747
flux1:, 0.45929648241206034, -1946.4609850052595
flux1:, 0.4608040201005025, -1693.8800456608974
flux1:, 0.4623115577889447, -1471.1036597297762
flux1:, 0.463819095477387, -1275.0613091166047
flux1:, 0.4653266331658291, -1102.9165223593195
flux1:, 0.46683417085427137, -952.0965819370408
flux1:, 0.4683417085427136, -820.2466756103277
flux1:, 0.46984924623115576, -705.2344383052553
flux1:, 0.471356783919598, -605.1305931404702
flux1:, 0.47286432160804026, -518.1904284535744
flux1:, 0.4743718592964824, -442.8501274947445
flux1:, 0.47587939698492465, -377.7016511110615
flux1:, 0.4773869346733668, -321.4901929171078
flux1:, 0.47889447236180904, -273.0937216679873
flux1:, 0.4804020100502513, -231.51652134655504
flux1:, 0.48190954773869343, -195.87429422701365
flux1:, 0.4834170854271357, -165.38608013995218
flux1:, 0.48492462311557794, -139.36242826088187
flux1:, 0.4864321608040201, -117.19727781754571
flux1:, 0.4879396984924623, -98.35939758769577
flux1:, 0.4894472361809046, -82.38282895906474
flux1:, 0.4909547738693467, -68.86306673552389
flux1:, 0.49246231155778897, -57.44550429503026
flux1:, 0.4939698492462312, -47.824973229629485
flux1:, 0.49547738693467336, -39.73516737061715
flux1:, 0.4969849246231156, -32.947217966250136
flux1:, 0.49849246231155775, -27.264125135171103
flux1:, 0.5, -22.515302095121534

Elapsed run time = 577.5883 s
