Using MPI version 4.1, 128 processes
#### a = 2.79, r = 1.11, nmol = 1, nmol_per_dim = 1
-----------
Initializing structure...
Splitting into 128 chunks by voxels
time for choose_chunkdivision = 0.00127143 s
Working in 3D dimensions.
Computational cell is 2.8 x 2.8 x 16.5 with resolution 40
     cylinder, center = (0,0,-0.85)
          radius 1.11, height 0.2, axis (0, 0, 1)
          dielectric constant epsilon diagonal = (1,1,1)
     block, center = (0,0,-1.1)
          size (1e+20,1e+20,0.3)
          axes (1,0,0), (0,1,0), (0,0,1)
          dielectric constant epsilon diagonal = (1,1,1)
     block, center = (0,0,-4.75)
          size (1e+20,1e+20,7)
          axes (1,0,0), (0,1,0), (0,0,1)
          dielectric constant epsilon diagonal = (12.25,12.25,12.25)
time for set_epsilon = 0.3562 s
time for set_conductivity = 0.00724378 s
time for set_conductivity = 0.0072606 s
time for set_conductivity = 0.00748895 s
time for set_conductivity = 0.00746772 s
time for set_conductivity = 0.00751332 s
time for set_conductivity = 0.0075236 s
lorentzian susceptibility: frequency=1.05981, gamma=1.48245
lorentzian susceptibility: frequency=0.629112, gamma=0.416989
drude susceptibility: frequency=1e-10, gamma=0.0645244
-----------
Meep: using complex fields.
Meep progress: 0.0125/300.0 = 0.0% done in 50.4s, 1208483.9s to go
on time step 1 (time=0.0125), 50.3563 s/step
Meep progress: 1.2125000000000001/300.0 = 0.4% done in 54.4s, 13397.9s to go
on time step 97 (time=1.2125), 0.0418074 s/step
Meep progress: 2.4250000000000003/300.0 = 0.8% done in 58.4s, 7166.5s to go
on time step 194 (time=2.425), 0.0415614 s/step
Meep progress: 3.625/300.0 = 1.2% done in 62.4s, 5103.3s to go
on time step 290 (time=3.625), 0.0418543 s/step
Meep progress: 4.825/300.0 = 1.6% done in 66.4s, 4064.7s to go
on time step 386 (time=4.825), 0.0419046 s/step
Meep progress: 6.025/300.0 = 2.0% done in 70.5s, 3437.9s to go
on time step 482 (time=6.025), 0.041854 s/step
Meep progress: 7.237500000000001/300.0 = 2.4% done in 74.5s, 3012.9s to go
on time step 579 (time=7.2375), 0.0414698 s/step
Meep progress: 8.4375/300.0 = 2.8% done in 78.5s, 2712.3s to go
on time step 675 (time=8.4375), 0.0417423 s/step
Meep progress: 9.65/300.0 = 3.2% done in 82.5s, 2483.2s to go
on time step 772 (time=9.65), 0.0416319 s/step
Meep progress: 10.8625/300.0 = 3.6% done in 86.5s, 2303.6s to go
on time step 869 (time=10.8625), 0.0413651 s/step
Meep progress: 12.075000000000001/300.0 = 4.0% done in 90.6s, 2159.9s to go
on time step 966 (time=12.075), 0.0416577 s/step
Meep progress: 13.287500000000001/300.0 = 4.4% done in 94.6s, 2041.7s to go
on time step 1063 (time=13.2875), 0.0416263 s/step
Meep progress: 14.5/300.0 = 4.8% done in 98.6s, 1942.0s to go
on time step 1160 (time=14.5), 0.0413324 s/step
Meep progress: 15.625/300.0 = 5.2% done in 102.7s, 1868.4s to go
on time step 1250 (time=15.625), 0.0447547 s/step
Meep progress: 16.825/300.0 = 5.6% done in 106.7s, 1795.9s to go
on time step 1346 (time=16.825), 0.0421257 s/step
Meep progress: 18.025000000000002/300.0 = 6.0% done in 110.7s, 1732.0s to go
on time step 1442 (time=18.025), 0.0418298 s/step
Meep progress: 19.2375/300.0 = 6.4% done in 114.8s, 1674.8s to go
on time step 1539 (time=19.2375), 0.0415824 s/step
Meep progress: 20.450000000000003/300.0 = 6.8% done in 118.8s, 1623.6s to go
on time step 1636 (time=20.45), 0.0414594 s/step
Meep progress: 21.675/300.0 = 7.2% done in 122.8s, 1577.0s to go
on time step 1734 (time=21.675), 0.041218 s/step
Meep progress: 22.875/300.0 = 7.6% done in 126.8s, 1536.4s to go
on time step 1830 (time=22.875), 0.0417199 s/step
Meep progress: 24.087500000000002/300.0 = 8.0% done in 130.8s, 1498.5s to go
on time step 1927 (time=24.0875), 0.0412834 s/step
Meep progress: 25.2875/300.0 = 8.4% done in 134.8s, 1464.7s to go
on time step 2023 (time=25.2875), 0.0417125 s/step
Meep progress: 26.1875/300.0 = 8.7% done in 139.0s, 1453.4s to go
on time step 2095 (time=26.1875), 0.0579815 s/step
Meep progress: 26.700000000000003/300.0 = 8.9% done in 143.0s, 1463.9s to go
on time step 2136 (time=26.7), 0.0977519 s/step
Meep progress: 27.9125/300.0 = 9.3% done in 147.0s, 1433.4s to go
on time step 2233 (time=27.9125), 0.0415791 s/step
Meep progress: 29.125/300.0 = 9.7% done in 151.1s, 1405.0s to go
on time step 2330 (time=29.125), 0.0414392 s/step
Meep progress: 30.337500000000002/300.0 = 10.1% done in 155.1s, 1378.5s to go
on time step 2427 (time=30.3375), 0.0414169 s/step
Meep progress: 31.5375/300.0 = 10.5% done in 159.1s, 1354.2s to go
on time step 2523 (time=31.5375), 0.041676 s/step
Meep progress: 32.725/300.0 = 10.9% done in 163.1s, 1332.3s to go
on time step 2618 (time=32.725), 0.042526 s/step
Meep progress: 33.9375/300.0 = 11.3% done in 167.2s, 1310.4s to go
on time step 2715 (time=33.9375), 0.0415188 s/step
Meep progress: 35.15/300.0 = 11.7% done in 171.2s, 1289.8s to go
on time step 2812 (time=35.15), 0.0415169 s/step
Meep progress: 36.362500000000004/300.0 = 12.1% done in 175.2s, 1270.2s to go
on time step 2909 (time=36.3625), 0.0413759 s/step
Meep progress: 37.575/300.0 = 12.5% done in 179.2s, 1251.7s to go
on time step 3006 (time=37.575), 0.0415095 s/step
Meep progress: 38.775000000000006/300.0 = 12.9% done in 183.2s, 1234.5s to go
on time step 3102 (time=38.775), 0.04185 s/step
Meep progress: 39.987500000000004/300.0 = 13.3% done in 187.3s, 1217.7s to go
on time step 3199 (time=39.9875), 0.0415513 s/step
Meep progress: 41.1875/300.0 = 13.7% done in 191.3s, 1201.9s to go
on time step 3295 (time=41.1875), 0.0416856 s/step
Meep progress: 42.3875/300.0 = 14.1% done in 195.3s, 1186.9s to go
on time step 3391 (time=42.3875), 0.0418606 s/step
Meep progress: 43.587500000000006/300.0 = 14.5% done in 199.3s, 1172.5s to go
on time step 3487 (time=43.5875), 0.0419264 s/step
Meep progress: 44.800000000000004/300.0 = 14.9% done in 203.3s, 1158.2s to go
on time step 3584 (time=44.8), 0.0412685 s/step
Meep progress: 46.0125/300.0 = 15.3% done in 207.4s, 1144.6s to go
on time step 3681 (time=46.0125), 0.0415962 s/step
Meep progress: 47.225/300.0 = 15.7% done in 211.4s, 1131.5s to go
on time step 3778 (time=47.225), 0.0416249 s/step
Meep progress: 48.45/300.0 = 16.2% done in 215.4s, 1118.4s to go
on time step 3876 (time=48.45), 0.0410658 s/step
Meep progress: 49.675000000000004/300.0 = 16.6% done in 219.4s, 1105.9s to go
on time step 3974 (time=49.675), 0.0411534 s/step
Meep progress: 50.875/300.0 = 17.0% done in 223.5s, 1094.3s to go
on time step 4070 (time=50.875), 0.0420291 s/step
Meep progress: 52.0625/300.0 = 17.4% done in 227.5s, 1083.4s to go
on time step 4165 (time=52.0625), 0.0423371 s/step
Meep progress: 53.275000000000006/300.0 = 17.8% done in 231.5s, 1072.2s to go
on time step 4262 (time=53.275), 0.0414685 s/step
Meep progress: 54.487500000000004/300.0 = 18.2% done in 235.6s, 1061.4s to go
on time step 4359 (time=54.4875), 0.0416319 s/step
Meep progress: 55.7/300.0 = 18.6% done in 239.6s, 1050.9s to go
on time step 4456 (time=55.7), 0.0416157 s/step
Meep progress: 56.9125/300.0 = 19.0% done in 243.6s, 1040.6s to go
on time step 4553 (time=56.9125), 0.0415208 s/step
Meep progress: 58.125/300.0 = 19.4% done in 247.7s, 1030.6s to go
on time step 4650 (time=58.125), 0.0415424 s/step
Meep progress: 59.325/300.0 = 19.8% done in 251.7s, 1021.0s to go
on time step 4746 (time=59.325), 0.0417007 s/step
Meep progress: 60.5375/300.0 = 20.2% done in 255.7s, 1011.5s to go
on time step 4843 (time=60.5375), 0.041623 s/step
Meep progress: 61.7625/300.0 = 20.6% done in 259.7s, 1001.9s to go
on time step 4941 (time=61.7625), 0.0411003 s/step
Meep progress: 62.962500000000006/300.0 = 21.0% done in 263.7s, 992.9s to go
on time step 5037 (time=62.9625), 0.0418122 s/step
Meep progress: 64.175/300.0 = 21.4% done in 267.8s, 984.0s to go
on time step 5134 (time=64.175), 0.0415021 s/step
Meep progress: 65.375/300.0 = 21.8% done in 271.8s, 975.4s to go
on time step 5230 (time=65.375), 0.0416815 s/step
Meep progress: 66.5875/300.0 = 22.2% done in 275.8s, 966.8s to go
on time step 5327 (time=66.5875), 0.0415546 s/step
Meep progress: 67.78750000000001/300.0 = 22.6% done in 279.8s, 958.5s to go
on time step 5423 (time=67.7875), 0.0417104 s/step
Meep progress: 68.9875/300.0 = 23.0% done in 283.8s, 950.4s to go
on time step 5519 (time=68.9875), 0.0418771 s/step
Meep progress: 70.15/300.0 = 23.4% done in 287.9s, 943.2s to go
on time step 5612 (time=70.15), 0.0435056 s/step
Meep progress: 71.375/300.0 = 23.8% done in 291.9s, 935.0s to go
on time step 5710 (time=71.375), 0.0410437 s/step
Meep progress: 72.5875/300.0 = 24.2% done in 295.9s, 927.1s to go
on time step 5807 (time=72.5875), 0.0414863 s/step
Meep progress: 73.8/300.0 = 24.6% done in 299.9s, 919.3s to go
on time step 5904 (time=73.8), 0.0415195 s/step
Meep progress: 75.0125/300.0 = 25.0% done in 304.0s, 911.7s to go
on time step 6001 (time=75.0125), 0.0414746 s/step
Meep progress: 76.2375/300.0 = 25.4% done in 308.0s, 904.0s to go
on time step 6099 (time=76.2375), 0.0411587 s/step
Meep progress: 77.45/300.0 = 25.8% done in 312.0s, 896.6s to go
on time step 6196 (time=77.45), 0.0416442 s/step
Meep progress: 78.66250000000001/300.0 = 26.2% done in 316.1s, 889.3s to go
on time step 6293 (time=78.6625), 0.0413455 s/step
Meep progress: 79.875/300.0 = 26.6% done in 320.1s, 882.1s to go
on time step 6390 (time=79.875), 0.0416193 s/step
Meep progress: 81.0875/300.0 = 27.0% done in 324.1s, 875.0s to go
on time step 6487 (time=81.0875), 0.0414025 s/step
Meep progress: 82.30000000000001/300.0 = 27.4% done in 328.1s, 868.0s to go
on time step 6584 (time=82.3), 0.0414367 s/step
Meep progress: 83.5125/300.0 = 27.8% done in 332.2s, 861.1s to go
on time step 6681 (time=83.5125), 0.0416134 s/step
Meep progress: 84.72500000000001/300.0 = 28.2% done in 336.2s, 854.2s to go
on time step 6778 (time=84.725), 0.0413798 s/step
Meep progress: 85.9375/300.0 = 28.6% done in 340.2s, 847.4s to go
on time step 6875 (time=85.9375), 0.0415648 s/step
Meep progress: 87.15/300.0 = 29.1% done in 344.2s, 840.7s to go
on time step 6972 (time=87.15), 0.0412829 s/step
Meep progress: 88.3375/300.0 = 29.4% done in 348.2s, 834.4s to go
on time step 7067 (time=88.3375), 0.042194 s/step
Meep progress: 89.5625/300.0 = 29.9% done in 352.3s, 827.7s to go
on time step 7165 (time=89.5625), 0.041115 s/step
Meep progress: 90.775/300.0 = 30.3% done in 356.3s, 821.2s to go
on time step 7262 (time=90.775), 0.0414658 s/step
Meep progress: 91.98750000000001/300.0 = 30.7% done in 360.3s, 814.8s to go
on time step 7359 (time=91.9875), 0.0414908 s/step
Meep progress: 93.2/300.0 = 31.1% done in 364.3s, 808.4s to go
on time step 7456 (time=93.2), 0.0414734 s/step
Meep progress: 94.4/300.0 = 31.5% done in 368.3s, 802.2s to go
on time step 7552 (time=94.4), 0.0418497 s/step
Meep progress: 95.60000000000001/300.0 = 31.9% done in 372.4s, 796.1s to go
on time step 7648 (time=95.6), 0.0419011 s/step
Meep progress: 96.80000000000001/300.0 = 32.3% done in 376.4s, 790.1s to go
on time step 7744 (time=96.8), 0.0419446 s/step
Meep progress: 98.0125/300.0 = 32.7% done in 380.4s, 783.9s to go
on time step 7841 (time=98.0125), 0.0413164 s/step
Meep progress: 99.2125/300.0 = 33.1% done in 384.4s, 778.0s to go
on time step 7937 (time=99.2125), 0.0416987 s/step
Meep progress: 100.4375/300.0 = 33.5% done in 388.4s, 771.8s to go
on time step 8035 (time=100.438), 0.0411815 s/step
Meep progress: 101.6375/300.0 = 33.9% done in 392.4s, 765.9s to go
on time step 8131 (time=101.638), 0.0417468 s/step
Meep progress: 102.85000000000001/300.0 = 34.3% done in 396.5s, 760.0s to go
on time step 8228 (time=102.85), 0.0415229 s/step
Meep progress: 104.0625/300.0 = 34.7% done in 400.5s, 754.1s to go
on time step 8325 (time=104.062), 0.0415867 s/step
Meep progress: 105.25/300.0 = 35.1% done in 404.5s, 748.5s to go
on time step 8420 (time=105.25), 0.0423556 s/step
Meep progress: 106.4625/300.0 = 35.5% done in 408.6s, 742.7s to go
on time step 8517 (time=106.463), 0.0415875 s/step
Meep progress: 107.61250000000001/300.0 = 35.9% done in 412.6s, 737.6s to go
on time step 8609 (time=107.613), 0.0438177 s/step
Meep progress: 108.78750000000001/300.0 = 36.3% done in 416.6s, 732.3s to go
on time step 8703 (time=108.788), 0.0426591 s/step
Meep progress: 109.9625/300.0 = 36.7% done in 420.6s, 726.9s to go
on time step 8797 (time=109.963), 0.0425894 s/step
Meep progress: 111.15/300.0 = 37.1% done in 424.6s, 721.5s to go
on time step 8892 (time=111.15), 0.0422876 s/step
Meep progress: 112.36250000000001/300.0 = 37.5% done in 428.6s, 715.8s to go
on time step 8989 (time=112.363), 0.0413588 s/step
Meep progress: 113.575/300.0 = 37.9% done in 432.6s, 710.2s to go
on time step 9086 (time=113.575), 0.0413097 s/step
Meep progress: 114.78750000000001/300.0 = 38.3% done in 436.7s, 704.6s to go
on time step 9183 (time=114.788), 0.0414606 s/step
Meep progress: 116.0/300.0 = 38.7% done in 440.7s, 699.0s to go
on time step 9280 (time=116), 0.0414039 s/step
Meep progress: 117.2125/300.0 = 39.1% done in 444.7s, 693.5s to go
on time step 9377 (time=117.213), 0.0413104 s/step
Meep progress: 118.42500000000001/300.0 = 39.5% done in 448.7s, 688.0s to go
on time step 9474 (time=118.425), 0.0414324 s/step
Meep progress: 119.6375/300.0 = 39.9% done in 452.8s, 682.6s to go
on time step 9571 (time=119.638), 0.0416563 s/step
Meep progress: 120.8375/300.0 = 40.3% done in 456.8s, 677.2s to go
on time step 9667 (time=120.838), 0.0417496 s/step
Meep progress: 122.05000000000001/300.0 = 40.7% done in 460.8s, 671.9s to go
on time step 9764 (time=122.05), 0.0416361 s/step
Meep progress: 123.22500000000001/300.0 = 41.1% done in 464.8s, 666.8s to go
on time step 9858 (time=123.225), 0.0429661 s/step
Meep progress: 124.42500000000001/300.0 = 41.5% done in 468.8s, 661.6s to go
on time step 9954 (time=124.425), 0.0417668 s/step
Meep progress: 125.6375/300.0 = 41.9% done in 472.9s, 656.3s to go
on time step 10051 (time=125.638), 0.0414391 s/step
Meep progress: 126.8125/300.0 = 42.3% done in 476.9s, 651.3s to go
on time step 10145 (time=126.812), 0.0426505 s/step
Meep progress: 127.9625/300.0 = 42.7% done in 480.9s, 646.6s to go
on time step 10237 (time=127.963), 0.0438929 s/step
Meep progress: 129.1/300.0 = 43.0% done in 484.9s, 641.9s to go
on time step 10328 (time=129.1), 0.0439798 s/step
Meep progress: 130.2375/300.0 = 43.4% done in 488.9s, 637.3s to go
on time step 10419 (time=130.238), 0.0439947 s/step
Meep progress: 131.4/300.0 = 43.8% done in 492.9s, 632.5s to go
on time step 10512 (time=131.4), 0.0430444 s/step
Meep progress: 132.6/300.0 = 44.2% done in 496.9s, 627.4s to go
on time step 10608 (time=132.6), 0.0418281 s/step
Meep progress: 133.8125/300.0 = 44.6% done in 501.0s, 622.2s to go
on time step 10705 (time=133.812), 0.0416168 s/step
Meep progress: 135.025/300.0 = 45.0% done in 505.0s, 617.0s to go
on time step 10802 (time=135.025), 0.0415771 s/step
Meep progress: 136.225/300.0 = 45.4% done in 509.0s, 612.0s to go
on time step 10898 (time=136.225), 0.041776 s/step
Meep progress: 137.4375/300.0 = 45.8% done in 513.1s, 606.8s to go
on time step 10995 (time=137.438), 0.0415362 s/step
Meep progress: 138.65/300.0 = 46.2% done in 517.1s, 601.7s to go
on time step 11092 (time=138.65), 0.0414573 s/step
Meep progress: 139.8625/300.0 = 46.6% done in 521.1s, 596.6s to go
on time step 11189 (time=139.863), 0.0414897 s/step
Meep progress: 141.0625/300.0 = 47.0% done in 525.1s, 591.7s to go
on time step 11285 (time=141.062), 0.041926 s/step
Meep progress: 142.275/300.0 = 47.4% done in 529.2s, 586.6s to go
on time step 11382 (time=142.275), 0.0415614 s/step
Meep progress: 143.475/300.0 = 47.8% done in 533.2s, 581.7s to go
on time step 11478 (time=143.475), 0.0418868 s/step
Meep progress: 144.55/300.0 = 48.2% done in 537.2s, 577.7s to go
on time step 11564 (time=144.55), 0.0468668 s/step
Meep progress: 145.75/300.0 = 48.6% done in 541.2s, 572.8s to go
on time step 11660 (time=145.75), 0.0417822 s/step
Meep progress: 146.95000000000002/300.0 = 49.0% done in 545.2s, 567.9s to go
on time step 11756 (time=146.95), 0.0418188 s/step
Meep progress: 148.1625/300.0 = 49.4% done in 549.3s, 562.9s to go
on time step 11853 (time=148.162), 0.041675 s/step
Meep progress: 149.3625/300.0 = 49.8% done in 553.3s, 558.0s to go
on time step 11949 (time=149.363), 0.0418147 s/step
Meep progress: 150.55/300.0 = 50.2% done in 557.3s, 553.3s to go
on time step 12044 (time=150.55), 0.0424894 s/step
Meep progress: 151.76250000000002/300.0 = 50.6% done in 561.4s, 548.3s to go
on time step 12141 (time=151.763), 0.0415516 s/step
Meep progress: 152.9625/300.0 = 51.0% done in 565.4s, 543.5s to go
on time step 12237 (time=152.963), 0.0417496 s/step
Meep progress: 154.16250000000002/300.0 = 51.4% done in 569.4s, 538.6s to go
on time step 12333 (time=154.163), 0.041724 s/step
Meep progress: 155.3625/300.0 = 51.8% done in 573.4s, 533.8s to go
on time step 12429 (time=155.363), 0.04189 s/step
Meep progress: 156.5625/300.0 = 52.2% done in 577.4s, 529.0s to go
on time step 12525 (time=156.562), 0.0416963 s/step
Meep progress: 157.775/300.0 = 52.6% done in 581.4s, 524.1s to go
on time step 12622 (time=157.775), 0.0415454 s/step
Meep progress: 158.9625/300.0 = 53.0% done in 585.4s, 519.4s to go
on time step 12717 (time=158.963), 0.0423011 s/step
Meep progress: 160.16250000000002/300.0 = 53.4% done in 589.5s, 514.7s to go
on time step 12813 (time=160.163), 0.0418192 s/step
Meep progress: 161.375/300.0 = 53.8% done in 593.5s, 509.8s to go
on time step 12910 (time=161.375), 0.041634 s/step
Meep progress: 162.57500000000002/300.0 = 54.2% done in 597.5s, 505.1s to go
on time step 13006 (time=162.575), 0.041844 s/step
Meep progress: 163.78750000000002/300.0 = 54.6% done in 601.5s, 500.3s to go
on time step 13103 (time=163.788), 0.0415845 s/step
Meep progress: 164.9875/300.0 = 55.0% done in 605.6s, 495.5s to go
on time step 13199 (time=164.988), 0.0417659 s/step
Meep progress: 166.1875/300.0 = 55.4% done in 609.6s, 490.8s to go
on time step 13295 (time=166.188), 0.0417915 s/step
Meep progress: 167.4/300.0 = 55.8% done in 613.6s, 486.0s to go
on time step 13392 (time=167.4), 0.0415755 s/step
Meep progress: 168.60000000000002/300.0 = 56.2% done in 617.6s, 481.3s to go
on time step 13488 (time=168.6), 0.0417693 s/step
Meep progress: 169.8125/300.0 = 56.6% done in 621.6s, 476.6s to go
on time step 13585 (time=169.812), 0.0415846 s/step
Meep progress: 171.025/300.0 = 57.0% done in 625.7s, 471.8s to go
on time step 13682 (time=171.025), 0.0415933 s/step
Meep progress: 172.22500000000002/300.0 = 57.4% done in 629.7s, 467.2s to go
on time step 13778 (time=172.225), 0.041832 s/step
Meep progress: 173.4375/300.0 = 57.8% done in 633.7s, 462.5s to go
on time step 13875 (time=173.438), 0.0416006 s/step
Meep progress: 174.63750000000002/300.0 = 58.2% done in 637.7s, 457.8s to go
on time step 13971 (time=174.638), 0.0416899 s/step
Meep progress: 175.85000000000002/300.0 = 58.6% done in 641.8s, 453.1s to go
on time step 14068 (time=175.85), 0.0415111 s/step
Meep progress: 177.03750000000002/300.0 = 59.0% done in 645.8s, 448.5s to go
on time step 14163 (time=177.038), 0.0422751 s/step
Meep progress: 178.2375/300.0 = 59.4% done in 649.8s, 443.9s to go
on time step 14259 (time=178.238), 0.0418019 s/step
Meep progress: 179.4375/300.0 = 59.8% done in 653.8s, 439.3s to go
on time step 14355 (time=179.438), 0.0418419 s/step
Meep progress: 180.63750000000002/300.0 = 60.2% done in 657.8s, 434.7s to go
on time step 14451 (time=180.638), 0.0418861 s/step
Meep progress: 181.82500000000002/300.0 = 60.6% done in 661.9s, 430.2s to go
on time step 14546 (time=181.825), 0.0424305 s/step
Meep progress: 183.025/300.0 = 61.0% done in 665.9s, 425.6s to go
on time step 14642 (time=183.025), 0.0418697 s/step
Meep progress: 184.22500000000002/300.0 = 61.4% done in 669.9s, 421.0s to go
on time step 14738 (time=184.225), 0.0417699 s/step
Meep progress: 185.425/300.0 = 61.8% done in 673.9s, 416.4s to go
on time step 14834 (time=185.425), 0.0419073 s/step
Meep progress: 186.6125/300.0 = 62.2% done in 677.9s, 411.9s to go
on time step 14929 (time=186.613), 0.0421082 s/step
Meep progress: 187.8125/300.0 = 62.6% done in 681.9s, 407.3s to go
on time step 15025 (time=187.812), 0.0418025 s/step
Meep progress: 189.01250000000002/300.0 = 63.0% done in 685.9s, 402.8s to go
on time step 15121 (time=189.013), 0.0418132 s/step
Meep progress: 190.22500000000002/300.0 = 63.4% done in 690.0s, 398.2s to go
on time step 15218 (time=190.225), 0.0414847 s/step
Meep progress: 191.4375/300.0 = 63.8% done in 694.0s, 393.6s to go
on time step 15315 (time=191.438), 0.0415799 s/step
Meep progress: 192.65/300.0 = 64.2% done in 698.0s, 389.0s to go
on time step 15412 (time=192.65), 0.0415776 s/step
Meep progress: 193.85000000000002/300.0 = 64.6% done in 702.1s, 384.4s to go
on time step 15508 (time=193.85), 0.0419332 s/step
Meep progress: 195.05/300.0 = 65.0% done in 706.1s, 379.9s to go
on time step 15604 (time=195.05), 0.041984 s/step
Meep progress: 196.25/300.0 = 65.4% done in 710.1s, 375.4s to go
on time step 15700 (time=196.25), 0.041745 s/step
Meep progress: 197.4625/300.0 = 65.8% done in 714.1s, 370.8s to go
on time step 15797 (time=197.463), 0.0415986 s/step
Meep progress: 198.66250000000002/300.0 = 66.2% done in 718.2s, 366.3s to go
on time step 15893 (time=198.663), 0.0419867 s/step
Meep progress: 199.8375/300.0 = 66.6% done in 722.2s, 362.0s to go
on time step 15987 (time=199.838), 0.0428074 s/step
Meep progress: 201.03750000000002/300.0 = 67.0% done in 726.2s, 357.5s to go
on time step 16083 (time=201.038), 0.0417426 s/step
Meep progress: 202.25/300.0 = 67.4% done in 730.2s, 352.9s to go
on time step 16180 (time=202.25), 0.0416062 s/step
Meep progress: 203.45000000000002/300.0 = 67.8% done in 734.2s, 348.4s to go
on time step 16276 (time=203.45), 0.0417796 s/step
Meep progress: 204.675/300.0 = 68.2% done in 738.3s, 343.8s to go
on time step 16374 (time=204.675), 0.040939 s/step
Meep progress: 205.91250000000002/300.0 = 68.6% done in 742.3s, 339.2s to go
on time step 16473 (time=205.913), 0.040553 s/step
Meep progress: 207.15/300.0 = 69.0% done in 746.3s, 334.5s to go
on time step 16572 (time=207.15), 0.0407789 s/step
Meep progress: 208.3625/300.0 = 69.5% done in 750.3s, 330.0s to go
on time step 16669 (time=208.363), 0.0415787 s/step
Meep progress: 209.57500000000002/300.0 = 69.9% done in 754.4s, 325.5s to go
on time step 16766 (time=209.575), 0.0416645 s/step
Meep progress: 210.78750000000002/300.0 = 70.3% done in 758.4s, 321.0s to go
on time step 16863 (time=210.788), 0.0415749 s/step
Meep progress: 212.0/300.0 = 70.7% done in 762.4s, 316.5s to go
on time step 16960 (time=212), 0.0415247 s/step
Meep progress: 213.1875/300.0 = 71.1% done in 766.5s, 312.1s to go
on time step 17055 (time=213.188), 0.0424098 s/step
Meep progress: 214.375/300.0 = 71.5% done in 770.5s, 307.7s to go
on time step 17150 (time=214.375), 0.0422762 s/step
Meep progress: 215.5875/300.0 = 71.9% done in 774.5s, 303.3s to go
on time step 17247 (time=215.588), 0.0416171 s/step
Meep progress: 216.78750000000002/300.0 = 72.3% done in 778.5s, 298.8s to go
on time step 17343 (time=216.788), 0.0418416 s/step
Meep progress: 217.925/300.0 = 72.6% done in 782.6s, 294.7s to go
on time step 17434 (time=217.925), 0.0442542 s/step
Meep progress: 219.13750000000002/300.0 = 73.0% done in 786.6s, 290.3s to go
on time step 17531 (time=219.138), 0.0416215 s/step
Meep progress: 220.35000000000002/300.0 = 73.5% done in 790.6s, 285.8s to go
on time step 17628 (time=220.35), 0.0414437 s/step
Meep progress: 221.55/300.0 = 73.9% done in 794.7s, 281.4s to go
on time step 17724 (time=221.55), 0.0419478 s/step
Meep progress: 222.76250000000002/300.0 = 74.3% done in 798.7s, 276.9s to go
on time step 17821 (time=222.763), 0.0415187 s/step
Meep progress: 223.9625/300.0 = 74.7% done in 802.7s, 272.5s to go
on time step 17917 (time=223.963), 0.0420131 s/step
Meep progress: 225.16250000000002/300.0 = 75.1% done in 806.7s, 268.1s to go
on time step 18013 (time=225.163), 0.0417405 s/step
Meep progress: 226.3625/300.0 = 75.5% done in 810.7s, 263.7s to go
on time step 18109 (time=226.363), 0.0418698 s/step
Meep progress: 227.5625/300.0 = 75.9% done in 814.8s, 259.4s to go
on time step 18205 (time=227.562), 0.0418009 s/step
Meep progress: 228.76250000000002/300.0 = 76.3% done in 818.8s, 255.0s to go
on time step 18301 (time=228.763), 0.0417209 s/step
Meep progress: 229.97500000000002/300.0 = 76.7% done in 822.8s, 250.5s to go
on time step 18398 (time=229.975), 0.0414512 s/step
Meep progress: 231.15/300.0 = 77.0% done in 826.8s, 246.3s to go
on time step 18492 (time=231.15), 0.0426121 s/step
Meep progress: 232.35000000000002/300.0 = 77.5% done in 830.8s, 241.9s to go
on time step 18588 (time=232.35), 0.0417356 s/step
Meep progress: 233.55/300.0 = 77.9% done in 834.8s, 237.5s to go
on time step 18684 (time=233.55), 0.0418626 s/step
Meep progress: 234.72500000000002/300.0 = 78.2% done in 838.8s, 233.3s to go
on time step 18778 (time=234.725), 0.0425641 s/step
Meep progress: 235.9/300.0 = 78.6% done in 842.9s, 229.0s to go
on time step 18872 (time=235.9), 0.0430966 s/step
Meep progress: 237.07500000000002/300.0 = 79.0% done in 846.9s, 224.8s to go
on time step 18966 (time=237.075), 0.0429234 s/step
Meep progress: 238.3/300.0 = 79.4% done in 850.9s, 220.3s to go
on time step 19064 (time=238.3), 0.0412442 s/step
Meep progress: 239.5/300.0 = 79.8% done in 855.0s, 216.0s to go
on time step 19160 (time=239.5), 0.04178 s/step
Meep progress: 240.70000000000002/300.0 = 80.2% done in 859.0s, 211.6s to go
on time step 19256 (time=240.7), 0.0418492 s/step
Meep progress: 241.9/300.0 = 80.6% done in 863.0s, 207.3s to go
on time step 19352 (time=241.9), 0.0418372 s/step
Meep progress: 243.10000000000002/300.0 = 81.0% done in 867.0s, 202.9s to go
on time step 19448 (time=243.1), 0.0417769 s/step
Meep progress: 244.3/300.0 = 81.4% done in 871.0s, 198.6s to go
on time step 19544 (time=244.3), 0.041959 s/step
Meep progress: 245.5/300.0 = 81.8% done in 875.0s, 194.3s to go
on time step 19640 (time=245.5), 0.0416982 s/step
Meep progress: 246.70000000000002/300.0 = 82.2% done in 879.0s, 189.9s to go
on time step 19736 (time=246.7), 0.0416824 s/step
Meep progress: 247.9/300.0 = 82.6% done in 883.1s, 185.6s to go
on time step 19832 (time=247.9), 0.0419316 s/step
Meep progress: 249.10000000000002/300.0 = 83.0% done in 887.1s, 181.3s to go
on time step 19928 (time=249.1), 0.0418328 s/step
Meep progress: 250.3/300.0 = 83.4% done in 891.1s, 176.9s to go
on time step 20024 (time=250.3), 0.0418849 s/step
Meep progress: 251.5/300.0 = 83.8% done in 895.1s, 172.6s to go
on time step 20120 (time=251.5), 0.041785 s/step
Meep progress: 252.70000000000002/300.0 = 84.2% done in 899.1s, 168.3s to go
on time step 20216 (time=252.7), 0.0419938 s/step
Meep progress: 253.9/300.0 = 84.6% done in 903.1s, 164.0s to go
on time step 20312 (time=253.9), 0.0417162 s/step
Meep progress: 255.025/300.0 = 85.0% done in 907.2s, 160.0s to go
on time step 20402 (time=255.025), 0.0447146 s/step
Meep progress: 256.225/300.0 = 85.4% done in 911.2s, 155.7s to go
on time step 20498 (time=256.225), 0.0418752 s/step
Meep progress: 257.425/300.0 = 85.8% done in 915.2s, 151.4s to go
on time step 20594 (time=257.425), 0.0418398 s/step
Meep progress: 258.6375/300.0 = 86.2% done in 919.2s, 147.0s to go
on time step 20691 (time=258.637), 0.041623 s/step
Meep progress: 259.83750000000003/300.0 = 86.6% done in 923.3s, 142.7s to go
on time step 20787 (time=259.838), 0.0417931 s/step
Meep progress: 261.0375/300.0 = 87.0% done in 927.3s, 138.4s to go
on time step 20883 (time=261.038), 0.0416765 s/step
Meep progress: 262.2375/300.0 = 87.4% done in 931.3s, 134.1s to go
on time step 20979 (time=262.238), 0.0419949 s/step
Meep progress: 263.4375/300.0 = 87.8% done in 935.3s, 129.8s to go
on time step 21075 (time=263.438), 0.0419232 s/step
Meep progress: 264.65000000000003/300.0 = 88.2% done in 939.3s, 125.5s to go
on time step 21172 (time=264.65), 0.0416245 s/step
Meep progress: 265.85/300.0 = 88.6% done in 943.4s, 121.2s to go
on time step 21268 (time=265.85), 0.0417242 s/step
Meep progress: 267.02500000000003/300.0 = 89.0% done in 947.4s, 117.0s to go
on time step 21362 (time=267.025), 0.0425857 s/step
Meep progress: 268.225/300.0 = 89.4% done in 951.4s, 112.7s to go
on time step 21458 (time=268.225), 0.0418785 s/step
Meep progress: 269.425/300.0 = 89.8% done in 955.4s, 108.4s to go
on time step 21554 (time=269.425), 0.0418326 s/step
Meep progress: 270.625/300.0 = 90.2% done in 959.4s, 104.1s to go
on time step 21650 (time=270.625), 0.041795 s/step
Meep progress: 271.825/300.0 = 90.6% done in 963.4s, 99.9s to go
on time step 21746 (time=271.825), 0.0418926 s/step
Meep progress: 273.0/300.0 = 91.0% done in 967.4s, 95.7s to go
on time step 21840 (time=273), 0.0426264 s/step
Meep progress: 274.0625/300.0 = 91.4% done in 971.5s, 91.9s to go
on time step 21925 (time=274.062), 0.0475183 s/step
Meep progress: 275.02500000000003/300.0 = 91.7% done in 975.5s, 88.6s to go
on time step 22002 (time=275.025), 0.0521127 s/step
Meep progress: 276.2/300.0 = 92.1% done in 979.5s, 84.4s to go
on time step 22096 (time=276.2), 0.0428326 s/step
Meep progress: 277.4125/300.0 = 92.5% done in 983.6s, 80.1s to go
on time step 22193 (time=277.413), 0.0416233 s/step
Meep progress: 278.6125/300.0 = 92.9% done in 987.6s, 75.8s to go
on time step 22289 (time=278.613), 0.0418509 s/step
Meep progress: 279.8125/300.0 = 93.3% done in 991.6s, 71.5s to go
on time step 22385 (time=279.812), 0.0420651 s/step
Meep progress: 281.0125/300.0 = 93.7% done in 995.6s, 67.3s to go
on time step 22481 (time=281.012), 0.0417954 s/step
Meep progress: 282.21250000000003/300.0 = 94.1% done in 999.6s, 63.0s to go
on time step 22577 (time=282.213), 0.0417675 s/step
Meep progress: 283.4125/300.0 = 94.5% done in 1003.7s, 58.7s to go
on time step 22673 (time=283.413), 0.0419453 s/step
Meep progress: 284.58750000000003/300.0 = 94.9% done in 1007.7s, 54.6s to go
on time step 22767 (time=284.588), 0.0428302 s/step
Meep progress: 285.8/300.0 = 95.3% done in 1011.7s, 50.3s to go
on time step 22864 (time=285.8), 0.0415591 s/step
Meep progress: 287.0125/300.0 = 95.7% done in 1015.8s, 46.0s to go
on time step 22961 (time=287.012), 0.0416578 s/step
Meep progress: 288.21250000000003/300.0 = 96.1% done in 1019.8s, 41.7s to go
on time step 23057 (time=288.213), 0.0417302 s/step
Meep progress: 289.425/300.0 = 96.5% done in 1023.8s, 37.4s to go
on time step 23154 (time=289.425), 0.0417185 s/step
Meep progress: 290.625/300.0 = 96.9% done in 1027.8s, 33.2s to go
on time step 23250 (time=290.625), 0.0419505 s/step
Meep progress: 291.8125/300.0 = 97.3% done in 1031.9s, 29.0s to go
on time step 23345 (time=291.812), 0.0423885 s/step
Meep progress: 293.0375/300.0 = 97.7% done in 1035.9s, 24.6s to go
on time step 23443 (time=293.038), 0.0409777 s/step
Meep progress: 294.2625/300.0 = 98.1% done in 1039.9s, 20.3s to go
on time step 23541 (time=294.262), 0.0412028 s/step
Meep progress: 295.46250000000003/300.0 = 98.5% done in 1043.9s, 16.0s to go
on time step 23637 (time=295.463), 0.0419496 s/step
Meep progress: 296.6625/300.0 = 98.9% done in 1047.9s, 11.8s to go
on time step 23733 (time=296.663), 0.0417132 s/step
Meep progress: 297.8625/300.0 = 99.3% done in 1052.0s, 7.5s to go
on time step 23829 (time=297.863), 0.0417659 s/step
Meep progress: 299.0625/300.0 = 99.7% done in 1056.0s, 3.3s to go
on time step 23925 (time=299.062), 0.0418965 s/step
run 0 finished at t = 300.0 (24000 timesteps)
creating output file "./emitter-e-000300.00.h5"...
flux1:, 0.19999999999999998, 3.45495392066465
flux1:, 0.2015075376884422, 4.258118878153947
flux1:, 0.2030150753768844, 5.257311009341521
flux1:, 0.20452261306532662, 6.480176096777878
flux1:, 0.20603015075376882, 7.939596949860729
flux1:, 0.20753768844221104, 9.764450660607157
flux1:, 0.20904522613065324, 11.908948273455609
flux1:, 0.21055276381909546, 14.56859734863748
flux1:, 0.21206030150753769, 17.72902578367399
flux1:, 0.21356783919597988, 21.546229855095433
flux1:, 0.2150753768844221, 26.165566213286233
flux1:, 0.2165829145728643, 31.619156756257105
flux1:, 0.21809045226130652, 38.26030504601647
flux1:, 0.21959798994974872, 46.05240283091172
flux1:, 0.22110552763819094, 55.441829199564786
flux1:, 0.22261306532663316, 66.53761138074023
flux1:, 0.22412060301507536, 79.66656681955769
flux1:, 0.22562814070351758, 95.30851061278251
flux1:, 0.22713567839195978, 113.5712636243077
flux1:, 0.228643216080402, 135.31439377691413
flux1:, 0.2301507537688442, 160.62687490130213
flux1:, 0.23165829145728642, 190.45616368074843
flux1:, 0.23316582914572864, 225.3126079514069
flux1:, 0.23467336683417084, 265.85693366097973
flux1:, 0.23618090452261306, 313.35283540187964
flux1:, 0.23768844221105526, 368.12772197242487
flux1:, 0.23919597989949748, 432.047807337962
flux1:, 0.24070351758793967, 505.61868176400003
flux1:, 0.2422110552763819, 590.6784994803315
flux1:, 0.24371859296482412, 688.6993800361469
flux1:, 0.24522613065326632, 800.9145563898036
flux1:, 0.24673366834170854, 930.1341843829348
flux1:, 0.24824120603015074, 1077.156399922968
flux1:, 0.24974874371859296, 1245.5700846254906
flux1:, 0.25125628140703515, 1436.8136627668528
flux1:, 0.2527638190954774, 1654.0561070235794
flux1:, 0.2542713567839196, 1900.603331904369
flux1:, 0.2557788944723618, 2178.4502526747046
flux1:, 0.257286432160804, 2492.9511994644854
flux1:, 0.25879396984924624, 2845.618413607335
flux1:, 0.26030150753768844, 3242.462952199653
flux1:, 0.26180904522613063, 3686.469661787205
flux1:, 0.2633165829145728, 4182.277353694781
flux1:, 0.2648241206030151, 4735.9766282793935
flux1:, 0.2663316582914573, 5350.07103734685
flux1:, 0.26783919597989947, 6033.2679792841645
flux1:, 0.2693467336683417, 6787.630141563396
flux1:, 0.2708542713567839, 7621.660150853633
flux1:, 0.2723618090452261, 8540.138048433488
flux1:, 0.27386934673366836, 9548.299551768643
flux1:, 0.27537688442211056, 10655.427839258362
flux1:, 0.27688442211055275, 11863.128494938941
flux1:, 0.27839195979899495, 13183.269888739986
flux1:, 0.27989949748743714, 14617.195392939273
flux1:, 0.2814070351758794, 16174.421407463025
flux1:, 0.2829145728643216, 17860.66128821898
flux1:, 0.2844221105527638, 19678.976555286252
flux1:, 0.28592964824120604, 21640.88901319236
flux1:, 0.28743718592964823, 23743.767670524234
flux1:, 0.2889447236180904, 26000.63824525658
flux1:, 0.2904522613065327, 28409.078285640637
flux1:, 0.2919597989949749, 30975.925819738357
flux1:, 0.29346733668341707, 33705.31277263324
flux1:, 0.2949748743718593, 36592.997407675284
flux1:, 0.2964824120603015, 39650.13427361813
flux1:, 0.2979899497487437, 42864.30528352962
flux1:, 0.2994974874371859, 46245.979257670086
flux1:, 0.3010050251256281, 49784.075032972454
flux1:, 0.30251256281407035, 53477.283079289686
flux1:, 0.30402010050251255, 57324.36673055437
flux1:, 0.30552763819095474, 61306.76030380066
flux1:, 0.307035175879397, 65432.12144779937
flux1:, 0.3085427135678392, 69670.7126552328
flux1:, 0.3100502512562814, 74026.767957849
flux1:, 0.31155778894472363, 78474.03548895646
flux1:, 0.31306532663316583, 82997.22254191228
flux1:, 0.314572864321608, 87585.61854831886
flux1:, 0.3160804020100503, 92197.00533322786
flux1:, 0.31758793969849247, 96833.8646644643
flux1:, 0.31909547738693467, 101436.44603325208
flux1:, 0.32060301507537686, 106000.34313803766
flux1:, 0.32211055276381906, 110470.6373918645
flux1:, 0.3236180904522613, 114807.41174974255
flux1:, 0.3251256281407035, 118979.65275119507
flux1:, 0.3266331658291457, 122892.21893765393
flux1:, 0.32814070351758795, 126531.84545112365
flux1:, 0.32964824120603015, 129751.87405199869
flux1:, 0.33115577889447234, 132507.68469548316
flux1:, 0.3326633165829146, 134624.685409591
flux1:, 0.3341708542713568, 135927.98533182577
flux1:, 0.335678391959799, 136217.80086817296
flux1:, 0.33718592964824123, 135037.55321568222
flux1:, 0.3386934673366834, 132035.65173535614
flux1:, 0.3402010050251256, 126234.11347206167
flux1:, 0.3417085427135679, 116654.94551922094
flux1:, 0.34321608040201, 101428.43311322073
flux1:, 0.34472361809045227, 78359.89275038688
flux1:, 0.34623115577889446, 46885.39448529457
flux1:, 0.34773869346733666, 13316.916689149768
flux1:, 0.3492462311557789, 2318.0696039840486
flux1:, 0.3507537688442211, 32374.595284738938
flux1:, 0.3522613065326633, 83520.7441790401
flux1:, 0.35376884422110555, 127233.44720650825
flux1:, 0.35527638190954774, 156606.31539966125
flux1:, 0.35678391959798994, 174417.29320185498
flux1:, 0.3582914572864322, 182998.5685135895
flux1:, 0.35979899497487433, 184774.96404037182
flux1:, 0.3613065326633166, 183619.73763087863
flux1:, 0.36281407035175883, 182150.64777991635
flux1:, 0.364321608040201, 180376.93250672912
flux1:, 0.3658291457286432, 178312.80125732705
flux1:, 0.3673366834170854, 175860.00283722286
flux1:, 0.3688442211055276, 173008.91644107003
flux1:, 0.37035175879396987, 169837.2051276297
flux1:, 0.37185929648241206, 166301.22756288567
flux1:, 0.37336683417085426, 162512.08721159335
flux1:, 0.3748743718592965, 158424.7902550053
flux1:, 0.3763819095477387, 154120.73676320107
flux1:, 0.3778894472361809, 149605.71312369336
flux1:, 0.37939698492462315, 144904.26494520454
flux1:, 0.3809045226130653, 140074.10996618163
flux1:, 0.38241206030150754, 135100.71356090324
flux1:, 0.3839195979899498, 130057.14841615953
flux1:, 0.38542713567839193, 124930.09254041455
flux1:, 0.3869346733668342, 119768.89084565338
flux1:, 0.3884422110552764, 114589.2161976079
flux1:, 0.38994974874371857, 109403.44679545515
flux1:, 0.3914572864321608, 104253.85624941495
flux1:, 0.392964824120603, 99131.63642026587
flux1:, 0.3944723618090452, 94082.05891146095
flux1:, 0.39597989949748746, 89100.8449486106
flux1:, 0.39748743718592966, 84214.2907096413
flux1:, 0.39899497487437185, 79436.61137971043
flux1:, 0.4005025125628141, 74770.75679168435
flux1:, 0.40201005025125625, 70244.1588286118
flux1:, 0.4035175879396985, 65848.60090504005
flux1:, 0.40502512562814075, 61608.75446991729
flux1:, 0.4065326633165829, 57520.9642639026
flux1:, 0.40804020100502514, 53594.91062056715
flux1:, 0.40954773869346733, 49838.16818339277
flux1:, 0.41105527638190953, 46245.40224354922
flux1:, 0.4125628140703518, 42830.048650672834
flux1:, 0.414070351758794, 39581.38867914448
flux1:, 0.41557788944723617, 36508.22931892921
flux1:, 0.4170854271356784, 33604.36729841112
flux1:, 0.4185929648241206, 30867.840267550586
flux1:, 0.4201005025125628, 28299.57872126569
flux1:, 0.42160804020100506, 25889.126458640192
flux1:, 0.4231155778894472, 23639.741673946126
flux1:, 0.42462311557788945, 21539.707705864414
flux1:, 0.4261306532663317, 19588.151007935674
flux1:, 0.42763819095477384, 17777.705717369303
flux1:, 0.4291457286432161, 16100.981026938194
flux1:, 0.4306532663316583, 14555.206059937951
flux1:, 0.4321608040201005, 13129.270907307811
flux1:, 0.43366834170854274, 11821.263330603811
flux1:, 0.43517587939698493, 10621.063082545532
flux1:, 0.43668341708542713, 9524.032514371856
flux1:, 0.4381909547738694, 8523.69798029273
flux1:, 0.4396984924623116, 7612.173243864456
flux1:, 0.44120603015075377, 6785.878680378162
flux1:, 0.442713567839196, 6035.940709791756
flux1:, 0.44422110552763816, 5359.126687746679
flux1:, 0.4457286432160804, 4748.233399911876
flux1:, 0.44723618090452266, 4198.559190783334
flux1:, 0.4487437185929648, 3705.558855310661
flux1:, 0.45025125628140705, 3263.213261158151
flux1:, 0.4517587939698493, 2868.711938053293
flux1:, 0.45326633165829144, 2516.2023080387817
flux1:, 0.4547738693467337, 2203.031032067757
flux1:, 0.45628140703517583, 1924.8436758105677
flux1:, 0.4577889447236181, 1678.2859342349743
flux1:, 0.45929648241206034, 1460.7203512298966
flux1:, 0.4608040201005025, 1268.376389643901
flux1:, 0.4623115577889447, 1099.5787753621369
flux1:, 0.463819095477387, 951.0045912085125
flux1:, 0.4653266331658291, 821.0279239403543
flux1:, 0.46683417085427137, 707.3804127014162
flux1:, 0.4683417085427136, 608.1032783701951
flux1:, 0.46984924623115576, 521.9276011846052
flux1:, 0.471356783919598, 446.80342253904473
flux1:, 0.47286432160804026, 381.9420649501908
flux1:, 0.4743718592964824, 325.6771182845355
flux1:, 0.47587939698492465, 277.1950613991816
flux1:, 0.4773869346733668, 235.47629912333585
flux1:, 0.47889447236180904, 199.5212902661403
flux1:, 0.4804020100502513, 168.84770789615362
flux1:, 0.48190954773869343, 142.44358243363348
flux1:, 0.4834170854271357, 120.03470721888272
flux1:, 0.48492462311557794, 100.86377379578954
flux1:, 0.4864321608040201, 84.58455992984875
flux1:, 0.4879396984924623, 70.81687451186687
flux1:, 0.4894472361809046, 59.07789148076543
flux1:, 0.4909547738693467, 49.268358230628124
flux1:, 0.49246231155778897, 40.900343425041406
flux1:, 0.4939698492462312, 33.936858529845246
flux1:, 0.49547738693467336, 28.066278343269204
flux1:, 0.4969849246231156, 23.13895333868629
flux1:, 0.49849246231155775, 19.095102295428006
flux1:, 0.5, 15.66985938592633

Elapsed run time = 1108.8918 s
